[debug] [2018-04-18T19:35:48.591Z] ----------------------------------------------------------------------
[debug] [2018-04-18T19:35:48.592Z] Command:       /usr/local/bin/node /usr/local/bin/firebase deploy --only functions
[debug] [2018-04-18T19:35:48.592Z] CLI Version:   3.18.4
[debug] [2018-04-18T19:35:48.592Z] Platform:      darwin
[debug] [2018-04-18T19:35:48.592Z] Node Version:  v9.7.1
[debug] [2018-04-18T19:35:48.593Z] Time:          Wed Apr 18 2018 21:35:48 GMT+0200 (CEST)
[debug] [2018-04-18T19:35:48.593Z] ----------------------------------------------------------------------
[debug] 
[debug] [2018-04-18T19:35:48.599Z] > command requires scopes: ["email","openid","https://www.googleapis.com/auth/cloudplatformprojects.readonly","https://www.googleapis.com/auth/firebase","https://www.googleapis.com/auth/cloud-platform"]
[debug] [2018-04-18T19:35:48.599Z] > authorizing via signed-in user
[debug] [2018-04-18T19:35:48.600Z] >>> HTTP REQUEST GET https://admin.firebase.com/v1/projects/musterschule-schedules  
  
 Wed Apr 18 2018 21:35:48 GMT+0200 (CEST)
[debug] [2018-04-18T19:35:49.314Z] <<< HTTP RESPONSE 200
[debug] [2018-04-18T19:35:49.314Z] >>> HTTP REQUEST GET https://admin.firebase.com/v1/database/musterschule-schedules/tokens  
  
 Wed Apr 18 2018 21:35:49 GMT+0200 (CEST)
[debug] [2018-04-18T19:35:49.918Z] <<< HTTP RESPONSE 200
[info] 
[info] === Deploying to 'musterschule-schedules'...
[info] 
[info] i  deploying functions
[info] Running command: npm --prefix "$RESOURCE_DIR" run build
[info] ✔  functions: Finished running predeploy script.
[debug] [2018-04-18T19:35:53.281Z] > [functions] package.json contents: {
  "name": "functions",
  "scripts": {
    "build": "./node_modules/.bin/tsc",
    "serve": "npm run build && firebase serve --only functions",
    "shell": "npm run build && firebase experimental:functions:shell",
    "start": "npm run shell",
    "deploy": "firebase deploy --only functions",
    "logs": "firebase functions:log"
  },
  "main": "lib/index.js",
  "dependencies": {
    "dom-parser": "^0.1.5",
    "download": "^6.2.5",
    "firebase-admin": "^5.12.0",
    "firebase-functions": "^1.0.1",
    "http-equiv-refresh": "^2.0.0",
    "pdf.js-extract": "0.0.9",
    "request": "^2.83.0",
    "request-promise": "^4.2.2",
    "tslint": "^5.9.1"
  },
  "devDependencies": {
    "typescript": "^2.5.3"
  },
  "private": true
}
[info] i  functions: ensuring necessary APIs are enabled...
[debug] [2018-04-18T19:35:53.281Z] >>> HTTP REQUEST GET https://servicemanagement.googleapis.com/v1/services/cloudfunctions.googleapis.com/projectSettings/musterschule-schedules?view=CONSUMER_VIEW  
  
 Wed Apr 18 2018 21:35:53 GMT+0200 (CEST)
[debug] [2018-04-18T19:35:53.282Z] >>> HTTP REQUEST GET https://servicemanagement.googleapis.com/v1/services/runtimeconfig.googleapis.com/projectSettings/musterschule-schedules?view=CONSUMER_VIEW  
  
 Wed Apr 18 2018 21:35:53 GMT+0200 (CEST)
[debug] [2018-04-18T19:35:54.540Z] <<< HTTP RESPONSE 200
[debug] [2018-04-18T19:35:54.589Z] <<< HTTP RESPONSE 200
[info] ✔  functions: all necessary APIs are enabled
[debug] [2018-04-18T19:35:54.590Z] >>> HTTP REQUEST GET https://cloudresourcemanager.googleapis.com/v1/projects/musterschule-schedules  
  
 Wed Apr 18 2018 21:35:54 GMT+0200 (CEST)
[debug] [2018-04-18T19:35:55.492Z] <<< HTTP RESPONSE 200
[debug] [2018-04-18T19:35:55.493Z] >>> HTTP REQUEST GET https://mobilesdk-pa.googleapis.com/v1/projects/990473870442:getServerAppConfig  
  
 Wed Apr 18 2018 21:35:55 GMT+0200 (CEST)
[debug] [2018-04-18T19:35:56.086Z] <<< HTTP RESPONSE 200
[info] i  functions: preparing functions directory for uploading...
[debug] [2018-04-18T19:35:56.088Z] >>> HTTP REQUEST GET https://runtimeconfig.googleapis.com/v1beta1/projects/musterschule-schedules/configs  
  
 Wed Apr 18 2018 21:35:56 GMT+0200 (CEST)
[debug] [2018-04-18T19:35:56.473Z] <<< HTTP RESPONSE 200
[info] i  functions: packaged functions (94.39 KB) for uploading
[debug] [2018-04-18T19:35:57.171Z] >>> HTTP REQUEST POST https://cloudfunctions.googleapis.com/v1/projects/musterschule-schedules/locations/us-central1/functions:generateUploadUrl  
  
 Wed Apr 18 2018 21:35:57 GMT+0200 (CEST)
[debug] [2018-04-18T19:35:58.139Z] <<< HTTP RESPONSE 200
[debug] [2018-04-18T19:35:58.139Z] >>> HTTP REQUEST PUT https://storage.googleapis.com/gcf-upload-us-central1-feef754a-4362-40b5-b8d2-2460054e5021/109cc547-95ee-4833-aeff-df2be78ea7ef.zip?GoogleAccessId=990473870442@cloudservices.gserviceaccount.com&Expires=1524081957&Signature=qpe80L5eFc3aKeie8GsWxPCEOv9wmeJw7%2BWoIL%2Fp%2FavB8icpBghtb3QY8qrozqGjhwWMZFQl7UydAp1qaQsHquc43wO9bBYbQEua0619uuSkOba4Yab7Ld1%2B3bcZYh1Dbd%2FL%2FGYuRo84vne0HqdKl7IxKhCW2DO42U%2F6mrvCmObbfYpI47nQRVHaZpHjj2k0Oehbods77E5KBWEgVxI6A2dbddPWGwmr8u4QfiyH3U8CKjN7mmey9V2q6i2DHS7MeevOUn6v9pGFZEgRxosZOTg9ocpL09gEYmzhVjJB64Mpf8SxXCWF0h0kpNemUOSBgJjHw4YtjFTk01KH67gCZA%3D%3D  
 ReadStream {
  _readableState: 
   ReadableState {
     objectMode: false,
     highWaterMark: 65536,
     buffer: BufferList { head: [Object], tail: [Object], length: 1 },
     length: 65536,
     pipes: null,
     pipesCount: 0,
     flowing: null,
     ended: false,
     endEmitted: false,
     reading: false,
     sync: false,
     needReadable: false,
     emittedReadable: true,
     readableListening: false,
     resumeScheduled: false,
     destroyed: false,
     defaultEncoding: 'utf8',
     awaitDrain: 0,
     readingMore: false,
     decoder: null,
     encoding: null },
  readable: true,
  domain: null,
  _events: { end: [Function] },
  _eventsCount: 1,
  _maxListeners: undefined,
  path: '/var/folders/1y/d3nts3sd4v50yz63c0q_1yfh0000gn/T/firebase-functions-2871WjaxYX0ffT71.zip',
  fd: 19,
  flags: 'r',
  mode: 438,
  start: 0,
  end: Infinity,
  autoClose: true,
  pos: 65536,
  bytesRead: 65536,
  closed: false } 
 Wed Apr 18 2018 21:35:58 GMT+0200 (CEST)
[debug] [2018-04-18T19:35:59.463Z] <<< HTTP RESPONSE 200
[info] ✔  functions: functions folder uploaded successfully
[debug] [2018-04-18T19:35:59.464Z] >>> HTTP REQUEST GET https://cloudfunctions.googleapis.com/v1/projects/musterschule-schedules/locations/us-central1/functions  
  
 Wed Apr 18 2018 21:35:59 GMT+0200 (CEST)
[debug] [2018-04-18T19:35:59.876Z] <<< HTTP RESPONSE 200
[info] i  functions: updating function refreshSchedules...
[debug] [2018-04-18T19:35:59.879Z] Trigger is:  {"httpsTrigger":{}}
[info] i  functions: updating function createNotifications...
[debug] [2018-04-18T19:35:59.879Z] Trigger is:  {"eventTrigger":{"resource":"projects/musterschule-schedules/databases/(default)/documents/schedules/{documentId}","eventType":"providers/cloud.firestore/eventTypes/document.create","service":"firestore.googleapis.com"}}
[info] i  functions: updating function updateNotifications...
[debug] [2018-04-18T19:35:59.879Z] Trigger is:  {"eventTrigger":{"resource":"projects/musterschule-schedules/databases/(default)/documents/schedules/{documentId}","eventType":"providers/cloud.firestore/eventTypes/document.update","service":"firestore.googleapis.com"}}
[debug] [2018-04-18T19:35:59.880Z] >>> HTTP REQUEST PATCH https://cloudfunctions.googleapis.com/v1/projects/musterschule-schedules/locations/us-central1/functions/refreshSchedules 
query params: {"updateMask":"sourceUploadUrl,name,labels,httpsTrigger"} 
 { sourceUploadUrl: 'https://storage.googleapis.com/gcf-upload-us-central1-feef754a-4362-40b5-b8d2-2460054e5021/109cc547-95ee-4833-aeff-df2be78ea7ef.zip?GoogleAccessId=990473870442@cloudservices.gserviceaccount.com&Expires=1524081957&Signature=qpe80L5eFc3aKeie8GsWxPCEOv9wmeJw7%2BWoIL%2Fp%2FavB8icpBghtb3QY8qrozqGjhwWMZFQl7UydAp1qaQsHquc43wO9bBYbQEua0619uuSkOba4Yab7Ld1%2B3bcZYh1Dbd%2FL%2FGYuRo84vne0HqdKl7IxKhCW2DO42U%2F6mrvCmObbfYpI47nQRVHaZpHjj2k0Oehbods77E5KBWEgVxI6A2dbddPWGwmr8u4QfiyH3U8CKjN7mmey9V2q6i2DHS7MeevOUn6v9pGFZEgRxosZOTg9ocpL09gEYmzhVjJB64Mpf8SxXCWF0h0kpNemUOSBgJjHw4YtjFTk01KH67gCZA%3D%3D',
  name: 'projects/musterschule-schedules/locations/us-central1/functions/refreshSchedules',
  labels: { 'deployment-tool': 'cli-firebase' },
  httpsTrigger: {} } 
 Wed Apr 18 2018 21:35:59 GMT+0200 (CEST)
[debug] [2018-04-18T19:35:59.881Z] >>> HTTP REQUEST PATCH https://cloudfunctions.googleapis.com/v1/projects/musterschule-schedules/locations/us-central1/functions/createNotifications 
query params: {"updateMask":"sourceUploadUrl,name,labels,eventTrigger.resource,eventTrigger.eventType,eventTrigger.service"} 
 { sourceUploadUrl: 'https://storage.googleapis.com/gcf-upload-us-central1-feef754a-4362-40b5-b8d2-2460054e5021/109cc547-95ee-4833-aeff-df2be78ea7ef.zip?GoogleAccessId=990473870442@cloudservices.gserviceaccount.com&Expires=1524081957&Signature=qpe80L5eFc3aKeie8GsWxPCEOv9wmeJw7%2BWoIL%2Fp%2FavB8icpBghtb3QY8qrozqGjhwWMZFQl7UydAp1qaQsHquc43wO9bBYbQEua0619uuSkOba4Yab7Ld1%2B3bcZYh1Dbd%2FL%2FGYuRo84vne0HqdKl7IxKhCW2DO42U%2F6mrvCmObbfYpI47nQRVHaZpHjj2k0Oehbods77E5KBWEgVxI6A2dbddPWGwmr8u4QfiyH3U8CKjN7mmey9V2q6i2DHS7MeevOUn6v9pGFZEgRxosZOTg9ocpL09gEYmzhVjJB64Mpf8SxXCWF0h0kpNemUOSBgJjHw4YtjFTk01KH67gCZA%3D%3D',
  name: 'projects/musterschule-schedules/locations/us-central1/functions/createNotifications',
  labels: { 'deployment-tool': 'cli-firebase' },
  eventTrigger: 
   { resource: 'projects/musterschule-schedules/databases/(default)/documents/schedules/{documentId}',
     eventType: 'providers/cloud.firestore/eventTypes/document.create',
     service: 'firestore.googleapis.com' } } 
 Wed Apr 18 2018 21:35:59 GMT+0200 (CEST)
[debug] [2018-04-18T19:35:59.882Z] >>> HTTP REQUEST PATCH https://cloudfunctions.googleapis.com/v1/projects/musterschule-schedules/locations/us-central1/functions/updateNotifications 
query params: {"updateMask":"sourceUploadUrl,name,labels,eventTrigger.resource,eventTrigger.eventType,eventTrigger.service"} 
 { sourceUploadUrl: 'https://storage.googleapis.com/gcf-upload-us-central1-feef754a-4362-40b5-b8d2-2460054e5021/109cc547-95ee-4833-aeff-df2be78ea7ef.zip?GoogleAccessId=990473870442@cloudservices.gserviceaccount.com&Expires=1524081957&Signature=qpe80L5eFc3aKeie8GsWxPCEOv9wmeJw7%2BWoIL%2Fp%2FavB8icpBghtb3QY8qrozqGjhwWMZFQl7UydAp1qaQsHquc43wO9bBYbQEua0619uuSkOba4Yab7Ld1%2B3bcZYh1Dbd%2FL%2FGYuRo84vne0HqdKl7IxKhCW2DO42U%2F6mrvCmObbfYpI47nQRVHaZpHjj2k0Oehbods77E5KBWEgVxI6A2dbddPWGwmr8u4QfiyH3U8CKjN7mmey9V2q6i2DHS7MeevOUn6v9pGFZEgRxosZOTg9ocpL09gEYmzhVjJB64Mpf8SxXCWF0h0kpNemUOSBgJjHw4YtjFTk01KH67gCZA%3D%3D',
  name: 'projects/musterschule-schedules/locations/us-central1/functions/updateNotifications',
  labels: { 'deployment-tool': 'cli-firebase' },
  eventTrigger: 
   { resource: 'projects/musterschule-schedules/databases/(default)/documents/schedules/{documentId}',
     eventType: 'providers/cloud.firestore/eventTypes/document.update',
     service: 'firestore.googleapis.com' } } 
 Wed Apr 18 2018 21:35:59 GMT+0200 (CEST)
[debug] [2018-04-18T19:36:00.411Z] <<< HTTP RESPONSE 200
[debug] [2018-04-18T19:36:00.431Z] <<< HTTP RESPONSE 200
[debug] [2018-04-18T19:36:00.460Z] <<< HTTP RESPONSE 200
[debug] [2018-04-18T19:36:00.461Z] >>> HTTP REQUEST GET https://cloudfunctions.googleapis.com/v1/projects/musterschule-schedules/locations/us-central1/functions  
  
 Wed Apr 18 2018 21:36:00 GMT+0200 (CEST)
[debug] [2018-04-18T19:36:00.761Z] <<< HTTP RESPONSE 200
[debug] [2018-04-18T19:36:00.765Z] >>> HTTP REQUEST GET https://cloudfunctions.googleapis.com/v1/operations/bXVzdGVyc2NodWxlLXNjaGVkdWxlcy91cy1jZW50cmFsMS9yZWZyZXNoU2NoZWR1bGVzL251NjdFYXlvX193  
  
 Wed Apr 18 2018 21:36:00 GMT+0200 (CEST)
[debug] [2018-04-18T19:36:00.765Z] >>> HTTP REQUEST GET https://cloudfunctions.googleapis.com/v1/operations/bXVzdGVyc2NodWxlLXNjaGVkdWxlcy91cy1jZW50cmFsMS9jcmVhdGVOb3RpZmljYXRpb25zL0t6b3VST2FYUlE4  
  
 Wed Apr 18 2018 21:36:00 GMT+0200 (CEST)
[debug] [2018-04-18T19:36:00.765Z] >>> HTTP REQUEST GET https://cloudfunctions.googleapis.com/v1/operations/bXVzdGVyc2NodWxlLXNjaGVkdWxlcy91cy1jZW50cmFsMS91cGRhdGVOb3RpZmljYXRpb25zL0RJallkeUMwWGJB  
  
 Wed Apr 18 2018 21:36:00 GMT+0200 (CEST)
[debug] [2018-04-18T19:36:01.054Z] <<< HTTP RESPONSE 200
[debug] [2018-04-18T19:36:01.056Z] <<< HTTP RESPONSE 200
[debug] [2018-04-18T19:36:01.064Z] <<< HTTP RESPONSE 200
[debug] [2018-04-18T19:36:03.059Z] >>> HTTP REQUEST GET https://cloudfunctions.googleapis.com/v1/operations/bXVzdGVyc2NodWxlLXNjaGVkdWxlcy91cy1jZW50cmFsMS9yZWZyZXNoU2NoZWR1bGVzL251NjdFYXlvX193  
  
 Wed Apr 18 2018 21:36:03 GMT+0200 (CEST)
[debug] [2018-04-18T19:36:03.060Z] >>> HTTP REQUEST GET https://cloudfunctions.googleapis.com/v1/operations/bXVzdGVyc2NodWxlLXNjaGVkdWxlcy91cy1jZW50cmFsMS9jcmVhdGVOb3RpZmljYXRpb25zL0t6b3VST2FYUlE4  
  
 Wed Apr 18 2018 21:36:03 GMT+0200 (CEST)
[debug] [2018-04-18T19:36:03.065Z] >>> HTTP REQUEST GET https://cloudfunctions.googleapis.com/v1/operations/bXVzdGVyc2NodWxlLXNjaGVkdWxlcy91cy1jZW50cmFsMS91cGRhdGVOb3RpZmljYXRpb25zL0RJallkeUMwWGJB  
  
 Wed Apr 18 2018 21:36:03 GMT+0200 (CEST)
[debug] [2018-04-18T19:36:03.341Z] <<< HTTP RESPONSE 200
[debug] [2018-04-18T19:36:03.344Z] <<< HTTP RESPONSE 200
[debug] [2018-04-18T19:36:03.345Z] <<< HTTP RESPONSE 200
[debug] [2018-04-18T19:36:05.346Z] >>> HTTP REQUEST GET https://cloudfunctions.googleapis.com/v1/operations/bXVzdGVyc2NodWxlLXNjaGVkdWxlcy91cy1jZW50cmFsMS9yZWZyZXNoU2NoZWR1bGVzL251NjdFYXlvX193  
  
 Wed Apr 18 2018 21:36:05 GMT+0200 (CEST)
[debug] [2018-04-18T19:36:05.347Z] >>> HTTP REQUEST GET https://cloudfunctions.googleapis.com/v1/operations/bXVzdGVyc2NodWxlLXNjaGVkdWxlcy91cy1jZW50cmFsMS91cGRhdGVOb3RpZmljYXRpb25zL0RJallkeUMwWGJB  
  
 Wed Apr 18 2018 21:36:05 GMT+0200 (CEST)
[debug] [2018-04-18T19:36:05.347Z] >>> HTTP REQUEST GET https://cloudfunctions.googleapis.com/v1/operations/bXVzdGVyc2NodWxlLXNjaGVkdWxlcy91cy1jZW50cmFsMS9jcmVhdGVOb3RpZmljYXRpb25zL0t6b3VST2FYUlE4  
  
 Wed Apr 18 2018 21:36:05 GMT+0200 (CEST)
[debug] [2018-04-18T19:36:05.595Z] <<< HTTP RESPONSE 200
[debug] [2018-04-18T19:36:05.641Z] <<< HTTP RESPONSE 200
[debug] [2018-04-18T19:36:05.644Z] <<< HTTP RESPONSE 200
[debug] [2018-04-18T19:36:07.600Z] >>> HTTP REQUEST GET https://cloudfunctions.googleapis.com/v1/operations/bXVzdGVyc2NodWxlLXNjaGVkdWxlcy91cy1jZW50cmFsMS9yZWZyZXNoU2NoZWR1bGVzL251NjdFYXlvX193  
  
 Wed Apr 18 2018 21:36:07 GMT+0200 (CEST)
[debug] [2018-04-18T19:36:07.645Z] >>> HTTP REQUEST GET https://cloudfunctions.googleapis.com/v1/operations/bXVzdGVyc2NodWxlLXNjaGVkdWxlcy91cy1jZW50cmFsMS9jcmVhdGVOb3RpZmljYXRpb25zL0t6b3VST2FYUlE4  
  
 Wed Apr 18 2018 21:36:07 GMT+0200 (CEST)
[debug] [2018-04-18T19:36:07.646Z] >>> HTTP REQUEST GET https://cloudfunctions.googleapis.com/v1/operations/bXVzdGVyc2NodWxlLXNjaGVkdWxlcy91cy1jZW50cmFsMS91cGRhdGVOb3RpZmljYXRpb25zL0RJallkeUMwWGJB  
  
 Wed Apr 18 2018 21:36:07 GMT+0200 (CEST)
[debug] [2018-04-18T19:36:07.872Z] <<< HTTP RESPONSE 200
[debug] [2018-04-18T19:36:07.931Z] <<< HTTP RESPONSE 200
[debug] [2018-04-18T19:36:07.940Z] <<< HTTP RESPONSE 200
[debug] [2018-04-18T19:36:09.874Z] >>> HTTP REQUEST GET https://cloudfunctions.googleapis.com/v1/operations/bXVzdGVyc2NodWxlLXNjaGVkdWxlcy91cy1jZW50cmFsMS9yZWZyZXNoU2NoZWR1bGVzL251NjdFYXlvX193  
  
 Wed Apr 18 2018 21:36:09 GMT+0200 (CEST)
[debug] [2018-04-18T19:36:09.932Z] >>> HTTP REQUEST GET https://cloudfunctions.googleapis.com/v1/operations/bXVzdGVyc2NodWxlLXNjaGVkdWxlcy91cy1jZW50cmFsMS9jcmVhdGVOb3RpZmljYXRpb25zL0t6b3VST2FYUlE4  
  
 Wed Apr 18 2018 21:36:09 GMT+0200 (CEST)
[debug] [2018-04-18T19:36:09.940Z] >>> HTTP REQUEST GET https://cloudfunctions.googleapis.com/v1/operations/bXVzdGVyc2NodWxlLXNjaGVkdWxlcy91cy1jZW50cmFsMS91cGRhdGVOb3RpZmljYXRpb25zL0RJallkeUMwWGJB  
  
 Wed Apr 18 2018 21:36:09 GMT+0200 (CEST)
[debug] [2018-04-18T19:36:10.169Z] <<< HTTP RESPONSE 200
[debug] [2018-04-18T19:36:10.211Z] <<< HTTP RESPONSE 200
[debug] [2018-04-18T19:36:10.240Z] <<< HTTP RESPONSE 200
[debug] [2018-04-18T19:36:12.171Z] >>> HTTP REQUEST GET https://cloudfunctions.googleapis.com/v1/operations/bXVzdGVyc2NodWxlLXNjaGVkdWxlcy91cy1jZW50cmFsMS9yZWZyZXNoU2NoZWR1bGVzL251NjdFYXlvX193  
  
 Wed Apr 18 2018 21:36:12 GMT+0200 (CEST)
[debug] [2018-04-18T19:36:12.213Z] >>> HTTP REQUEST GET https://cloudfunctions.googleapis.com/v1/operations/bXVzdGVyc2NodWxlLXNjaGVkdWxlcy91cy1jZW50cmFsMS9jcmVhdGVOb3RpZmljYXRpb25zL0t6b3VST2FYUlE4  
  
 Wed Apr 18 2018 21:36:12 GMT+0200 (CEST)
[debug] [2018-04-18T19:36:12.243Z] >>> HTTP REQUEST GET https://cloudfunctions.googleapis.com/v1/operations/bXVzdGVyc2NodWxlLXNjaGVkdWxlcy91cy1jZW50cmFsMS91cGRhdGVOb3RpZmljYXRpb25zL0RJallkeUMwWGJB  
  
 Wed Apr 18 2018 21:36:12 GMT+0200 (CEST)
[debug] [2018-04-18T19:36:12.436Z] <<< HTTP RESPONSE 200
[debug] [2018-04-18T19:36:12.468Z] <<< HTTP RESPONSE 200
[debug] [2018-04-18T19:36:12.524Z] <<< HTTP RESPONSE 200
[debug] [2018-04-18T19:36:14.441Z] >>> HTTP REQUEST GET https://cloudfunctions.googleapis.com/v1/operations/bXVzdGVyc2NodWxlLXNjaGVkdWxlcy91cy1jZW50cmFsMS9yZWZyZXNoU2NoZWR1bGVzL251NjdFYXlvX193  
  
 Wed Apr 18 2018 21:36:14 GMT+0200 (CEST)
[debug] [2018-04-18T19:36:14.470Z] >>> HTTP REQUEST GET https://cloudfunctions.googleapis.com/v1/operations/bXVzdGVyc2NodWxlLXNjaGVkdWxlcy91cy1jZW50cmFsMS9jcmVhdGVOb3RpZmljYXRpb25zL0t6b3VST2FYUlE4  
  
 Wed Apr 18 2018 21:36:14 GMT+0200 (CEST)
[debug] [2018-04-18T19:36:14.528Z] >>> HTTP REQUEST GET https://cloudfunctions.googleapis.com/v1/operations/bXVzdGVyc2NodWxlLXNjaGVkdWxlcy91cy1jZW50cmFsMS91cGRhdGVOb3RpZmljYXRpb25zL0RJallkeUMwWGJB  
  
 Wed Apr 18 2018 21:36:14 GMT+0200 (CEST)
[debug] [2018-04-18T19:36:14.732Z] <<< HTTP RESPONSE 200
[debug] [2018-04-18T19:36:14.749Z] <<< HTTP RESPONSE 200
[debug] [2018-04-18T19:36:14.841Z] <<< HTTP RESPONSE 200
[debug] [2018-04-18T19:36:16.737Z] >>> HTTP REQUEST GET https://cloudfunctions.googleapis.com/v1/operations/bXVzdGVyc2NodWxlLXNjaGVkdWxlcy91cy1jZW50cmFsMS9yZWZyZXNoU2NoZWR1bGVzL251NjdFYXlvX193  
  
 Wed Apr 18 2018 21:36:16 GMT+0200 (CEST)
[debug] [2018-04-18T19:36:16.751Z] >>> HTTP REQUEST GET https://cloudfunctions.googleapis.com/v1/operations/bXVzdGVyc2NodWxlLXNjaGVkdWxlcy91cy1jZW50cmFsMS9jcmVhdGVOb3RpZmljYXRpb25zL0t6b3VST2FYUlE4  
  
 Wed Apr 18 2018 21:36:16 GMT+0200 (CEST)
[debug] [2018-04-18T19:36:16.844Z] >>> HTTP REQUEST GET https://cloudfunctions.googleapis.com/v1/operations/bXVzdGVyc2NodWxlLXNjaGVkdWxlcy91cy1jZW50cmFsMS91cGRhdGVOb3RpZmljYXRpb25zL0RJallkeUMwWGJB  
  
 Wed Apr 18 2018 21:36:16 GMT+0200 (CEST)
[debug] [2018-04-18T19:36:17.020Z] <<< HTTP RESPONSE 200
[debug] [2018-04-18T19:36:17.021Z] <<< HTTP RESPONSE 200
[debug] [2018-04-18T19:36:17.118Z] <<< HTTP RESPONSE 200
