[debug] [2018-03-03T20:00:16.765Z] ----------------------------------------------------------------------
[debug] [2018-03-03T20:00:16.767Z] Command:       /usr/local/bin/node /usr/local/bin/firebase serve
[debug] [2018-03-03T20:00:16.767Z] CLI Version:   3.17.4
[debug] [2018-03-03T20:00:16.767Z] Platform:      darwin
[debug] [2018-03-03T20:00:16.767Z] Node Version:  v9.7.1
[debug] [2018-03-03T20:00:16.767Z] Time:          Sat Mar 03 2018 21:00:16 GMT+0100 (CET)
[debug] [2018-03-03T20:00:16.767Z] ----------------------------------------------------------------------
[debug] 
[debug] [2018-03-03T20:00:16.774Z] > command requires scopes: ["email","openid","https://www.googleapis.com/auth/cloudplatformprojects.readonly","https://www.googleapis.com/auth/firebase","https://www.googleapis.com/auth/cloud-platform"]
[debug] [2018-03-03T20:00:16.774Z] > authorizing via signed-in user
[debug] [2018-03-03T20:00:16.775Z] >>> HTTP REQUEST GET https://admin.firebase.com/v1/projects/musterschule-schedules  
  
 Sat Mar 03 2018 21:00:16 GMT+0100 (CET)
[debug] [2018-03-03T20:00:17.431Z] <<< HTTP RESPONSE 200
[debug] [2018-03-03T20:00:17.432Z] >>> HTTP REQUEST GET https://admin.firebase.com/v1/database/musterschule-schedules/tokens  
  
 Sat Mar 03 2018 21:00:17 GMT+0100 (CET)
[debug] [2018-03-03T20:00:18.120Z] <<< HTTP RESPONSE 200
[info] 
[info] === Serving from '/Users/julian/Documents/Software Development/Projects/Personal/Android/MusterschuleSchedules/Firebase'...
[info] 
[debug] [2018-03-03T20:00:18.123Z] >>> HTTP REQUEST GET https://cloudresourcemanager.googleapis.com/v1/projects/musterschule-schedules  
  
 Sat Mar 03 2018 21:00:18 GMT+0100 (CET)
[debug] [2018-03-03T20:00:18.932Z] <<< HTTP RESPONSE 200
[debug] [2018-03-03T20:00:18.933Z] >>> HTTP REQUEST GET https://mobilesdk-pa.googleapis.com/v1/projects/990473870442/clients/_:getWebAppConfig  
  
 Sat Mar 03 2018 21:00:18 GMT+0100 (CET)
[debug] [2018-03-03T20:00:19.553Z] <<< HTTP RESPONSE 200
[debug] [2018-03-03T20:00:19.564Z] TypeError: Cannot read property 'public' of undefined
    at Server.<anonymous> (/usr/local/lib/node_modules/firebase-tools/lib/serve/hosting.js:34:18)
    at Object.onceWrapper (events.js:219:13)
    at Server.emit (events.js:127:13)
    at Server.emit (domain.js:421:20)
    at emitListeningNT (net.js:1388:10)
    at process._tickCallback (internal/process/next_tick.js:114:19)
[error] 
[error] Error: An unexpected error has occurred.
